<?xml version="1.0" encoding="UTF-8"?>
<testsuite xmlns:xsi="http://www.w3.org/2001/XMLSchema-instance" xsi:noNamespaceSchemaLocation="https://maven.apache.org/surefire/maven-surefire-plugin/xsd/surefire-test-report.xsd" version="3.0.2" name="com.taskapp.SpringBootDemoApplicationTests" time="6.94" tests="1" errors="0" skipped="0" failures="0">
  <properties>
[...]
</properties>
  <testcase name="contextLoads" classname="com.taskapp.SpringBootDemoApplicationTests" time="3.133">
    <system-out><![CDATA[13:29:17.283 [main] INFO org.springframework.test.context.support.AnnotationConfigContextLoaderUtils -- Could not detect default configuration classes for test class [com.taskapp.SpringBootDemoApplicationTests]: SpringBootDemoApplicationTests does not declare any static, non-private, non-final, nested classes annotated with @Configuration.
13:29:17.612 [main] INFO org.springframework.boot.test.context.SpringBootTestContextBootstrapper -- Found @SpringBootConfiguration com.taskapp.SpringBootDemoApplication for test class com.taskapp.SpringBootDemoApplicationTests

  .   ____          _            __ _ _
 /\\ / ___'_ __ _ _(_)_ __  __ _ \ \ \ \
( ( )\___ | '_ | '_| | '_ \/ _` | \ \ \ \
 \\/  ___)| |_)| | | | | || (_| |  ) ) ) )
  '  |____| .__|_| |_|_| |_\__, | / / / /
 =========|_|==============|___/=/_/_/_/

 :: Spring Boot ::                (v3.5.7)

2025-12-01T13:29:18.583+05:30  INFO 26056 --- [SpringBootDemo] [           main] c.t.SpringBootDemoApplicationTests       : Starting SpringBootDemoApplicationTests using Java 17.0.12 with PID 26056 (started by vasam in C:\Users\vasam\eclipse-workspace\SpringBootDemo)
2025-12-01T13:29:18.588+05:30  INFO 26056 --- [SpringBootDemo] [           main] c.t.SpringBootDemoApplicationTests       : No active profile set, falling back to 1 default profile: "default"
2025-12-01T13:29:20.598+05:30  INFO 26056 --- [SpringBootDemo] [           main] c.t.SpringBootDemoApplicationTests       : Started SpringBootDemoApplicationTests in 2.612 seconds (process running for 4.733)
]]></system-out>
  </testcase>
</testsuite>